app/build/outputs/logs/manifest-merger-debug-report.txt
-- Merging decision tree log ---
provider#androidx.core.content.FileProvider
INJECTED from src\main\AndroidManifest.xml:150:9-159:20
	android:grantUriPermissions
		ADDED from src\main\AndroidManifest.xml:154:13-47
	android:authorities
		INJECTED from src\main\AndroidManifest.xml
		ADDED from src\main\AndroidManifest.xml:152:13-60
	android:exported
		ADDED from src\main\AndroidManifest.xml:153:13-37
	android:name
		ADDED from src\main\AndroidManifest.xml:151:13-62
manifest
ADDED from src\main\AndroidManifest.xml:2:1-263:12
INJECTED from src\main\AndroidManifest.xml:2:1-263:12
INJECTED from src\main\AndroidManifest.xml:2:1-263:12
INJECTED from src\main\AndroidManifest.xml:2:1-263:12
MERGED from [com.github.gcacace:signature-pad:1.2.1] AndroidManifest.xml:2:1-13:12
MERGED from [com.github.Ilhasoft:data-binding-validator:1.0.0] AndroidManifest.xml:2:1-15:12
MERGED from [androidx.databinding:databinding-adapters:3.3.0] AndroidManifest.xml:17:1-24:12
MERGED from [androidx.databinding:databinding-runtime:3.3.0] AndroidManifest.xml:17:1-24:12
MERGED from [:samlocationandgeocoding] AndroidManifest.xml:2:1-19:12
MERGED from [net.gotev:uploadservice-okhttp:3.4.1] AndroidManifest.xml:2:1-14:12
MERGED from [com.github.dhaval2404:imagepicker:1.7.1] AndroidManifest.xml:2:1-35:12
MERGED from [com.github.yalantis:ucrop:2.2.4] AndroidManifest.xml:2:1-11:12
MERGED from [com.jakewharton.rxbinding2:rxbinding:2.0.0] AndroidManifest.xml:2:1-8:12
MERGED from [io.reactivex.rxjava2:rxandroid:2.0.1] AndroidManifest.xml:15:1-21:12
MERGED from [com.mikepenz:materialdrawer:6.0.9] AndroidManifest.xml:2:1-11:12
MERGED from [com.mikepenz:itemanimators:1.0.2] AndroidManifest.xml:2:1-11:12
MERGED from [com.mikepenz:crossfader:1.5.1] AndroidManifest.xml:2:1-12:12
MERGED from [com.mikepenz:crossfadedrawerlayout:1.0.1] AndroidManifest.xml:2:1-12:12
MERGED from [com.mikepenz:google-material-typeface:3.0.1.1.original] AndroidManifest.xml:17:1-29:12
MERGED from [com.mikepenz:fontawesome-typeface:5.3.1.1] AndroidManifest.xml:2:1-11:12
MERGED from [com.mikepenz:octicons-typeface:3.0.0.1] AndroidManifest.xml:17:1-29:12
MERGED from [com.aurelhubert:ahbottomnavigation:2.1.0] AndroidManifest.xml:2:1-13:12
MERGED from [com.github.pchmn:MaterialChipsInput:1.0.8] AndroidManifest.xml:2:1-17:12
MERGED from [de.hdodenhof:circleimageview:2.2.0] AndroidManifest.xml:2:1-11:12
MERGED from [com.mikhaellopez:circularimageview:3.2.0] AndroidManifest.xml:2:1-11:12
MERGED from [com.github.jakob-grabner:Circle-Progress-View:1.4] AndroidManifest.xml:2:1-13:12
MERGED from [com.github.rubensousa:gravitysnaphelper:2.0] AndroidManifest.xml:2:1-11:12
MERGED from [com.alespero:expandable-cardview:0.8] AndroidManifest.xml:2:1-11:12
MERGED from [com.github.mohammadatif:Animatoo:master] AndroidManifest.xml:2:1-11:12
MERGED from [androidx.constraintlayout:constraintlayout:1.1.3] AndroidManifest.xml:2:1-11:12
MERGED from [com.r0adkll:slidableactivity:2.0.6] AndroidManifest.xml:2:1-11:12
MERGED from [net.gotev:uploadservice:3.4.1] AndroidManifest.xml:2:1-24:12
MERGED from [:cameraviewlibrary] AndroidManifest.xml:14:1-30:12
MERGED from [:scandocslibrary] AndroidManifest.xml:2:1-39:12
MERGED from [com.github.arimorty:floatingsearchview:2.1.1] AndroidManifest.xml:2:1-14:12
MERGED from [com.bartoszlipinski:viewpropertyobjectanimator:1.2.0] AndroidManifest.xml:2:1-11:12
MERGED from [androidx.legacy:legacy-support-v4:1.0.0] AndroidManifest.xml:17:1-22:12
MERGED from [com.github.traex.rippleeffect:library:1.3] AndroidManifest.xml:2:1-14:12
MERGED from [com.afollestad.material-dialogs:commons:0.9.6.0] AndroidManifest.xml:2:1-14:12
MERGED from [com.afollestad.material-dialogs:core:0.9.6.0] AndroidManifest.xml:2:1-15:12
MERGED from [com.github.florent37:materialviewpager:1.2.3] AndroidManifest.xml:2:1-11:12
MERGED from [com.andkulikov:transitionseverywhere:1.8.0] AndroidManifest.xml:2:1-14:12
MERGED from [com.mikepenz:fastadapter-extensions-expandable:3.2.8] AndroidManifest.xml:2:1-11:12
MERGED from [com.mikepenz:fastadapter-commons:3.2.8] AndroidManifest.xml:2:1-11:12
MERGED from [com.mikepenz:fastadapter:3.2.8] AndroidManifest.xml:2:1-11:12
MERGED from [me.zhanghai.android.materialprogressbar:library:1.4.2] AndroidManifest.xml:6:1-16:12
MERGED from [com.github.bumptech.glide:glide:4.9.0] AndroidManifest.xml:2:1-12:12
MERGED from [com.github.bumptech.glide:gifdecoder:4.9.0] AndroidManifest.xml:2:1-11:12
MERGED from [com.github.SilenceDut:ExpandableLayout:1.3.0] AndroidManifest.xml:2:1-13:12
MERGED from [com.cs:googlemaproute:1.0.0] AndroidManifest.xml:2:1-17:12
MERGED from [com.google.android.gms:play-services:9.0.2] AndroidManifest.xml:2:1-6:12
MERGED from [com.google.android.gms:play-services-cast:9.0.2] AndroidManifest.xml:16:1-20:12
MERGED from [androidx.mediarouter:mediarouter:1.1.0] AndroidManifest.xml:17:1-24:12
MERGED from [com.karumi:dexter:4.2.0] AndroidManifest.xml:17:1-32:12
MERGED from [com.google.android.material:material:1.1.0] AndroidManifest.xml:17:1-24:12
MERGED from [jp.wasabeef:recyclerview-animators:3.0.0] AndroidManifest.xml:2:1-9:12
MERGED from [androidx.viewpager2:viewpager2:1.0.0] AndroidManifest.xml:17:1-24:12
MERGED from [androidx.recyclerview:recyclerview:1.1.0] AndroidManifest.xml:17:1-24:12
MERGED from [androidx.cardview:cardview:1.0.0] AndroidManifest.xml:17:1-22:12
MERGED from [com.github.GrenderG:Toasty:1.2.5] AndroidManifest.xml:2:1-12:12
MERGED from [com.github.devlight.navigationtabstrip:navigationtabstrip:1.0.4] AndroidManifest.xml:14:1-29:12
MERGED from [com.github.florent37:materialtextfield:1.0.7] AndroidManifest.xml:2:1-12:12
MERGED from [:materialsteppers] AndroidManifest.xml:2:1-11:12
MERGED from [com.mikepenz:iconics-core:3.0.4] AndroidManifest.xml:2:1-11:12
MERGED from [com.airbnb.android:lottie:3.1.0] AndroidManifest.xml:2:1-11:12
MERGED from [androidx.appcompat:appcompat:1.1.0] AndroidManifest.xml:17:1-24:12
MERGED from [androidx.palette:palette:1.0.0] AndroidManifest.xml:17:1-22:12
MERGED from [com.jpardogo.materialtabstrip:library:1.1.1] AndroidManifest.xml:2:1-11:12
MERGED from [androidx.legacy:legacy-support-core-ui:1.0.0] AndroidManifest.xml:17:1-22:12
MERGED from [androidx.legacy:legacy-support-core-utils:1.0.0] AndroidManifest.xml:17:1-22:12
MERGED from [androidx.coordinatorlayout:coordinatorlayout:1.1.0] AndroidManifest.xml:17:1-24:12
MERGED from [androidx.drawerlayout:drawerlayout:1.0.0] AndroidManifest.xml:17:1-22:12
MERGED from [com.google.android.gms:play-services-wallet:9.0.2] AndroidManifest.xml:16:1-21:12
MERGED from [com.google.android.gms:play-services-maps:17.0.0] AndroidManifest.xml:17:1-38:12
MERGED from [com.google.android.gms:play-services-fitness:9.0.2] AndroidManifest.xml:16:1-20:12
MERGED from [com.google.android.gms:play-services-location:17.0.0] AndroidManifest.xml:2:1-9:12
MERGED from [com.google.android.gms:play-services-ads:9.0.2] AndroidManifest.xml:16:1-20:12
MERGED from [com.google.android.gms:play-services-analytics:9.0.2] AndroidManifest.xml:16:1-28:12
MERGED from [com.google.android.gms:play-services-tagmanager:9.0.2] AndroidManifest.xml:16:1-19:12
MERGED from [com.google.android.gms:play-services-analytics-impl:9.0.2] AndroidManifest.xml:16:1-28:12
MERGED from [com.google.android.gms:play-services-appinvite:9.0.2] AndroidManifest.xml:16:1-31:12
MERGED from [com.google.android.gms:play-services-auth:9.0.2] AndroidManifest.xml:16:1-33:12
MERGED from [com.google.android.gms:play-services-games:9.0.2] AndroidManifest.xml:16:1-20:12
MERGED from [com.google.android.gms:play-services-plus:9.0.2] AndroidManifest.xml:16:1-20:12
MERGED from [com.google.android.gms:play-services-auth-base:9.0.2] AndroidManifest.xml:2:1-6:12
MERGED from [com.google.firebase:firebase-config:9.0.2] AndroidManifest.xml:16:1-20:12
MERGED from [com.google.firebase:firebase-crash:9.0.2] AndroidManifest.xml:16:1-34:12
MERGED from [com.google.android.gms:play-services-drive:9.0.2] AndroidManifest.xml:16:1-20:12
MERGED from [com.google.firebase:firebase-auth:9.0.2] AndroidManifest.xml:16:1-22:12
MERGED from [com.google.firebase:firebase-auth-common:9.0.2] AndroidManifest.xml:16:1-22:12
MERGED from [com.google.firebase:firebase-auth-module:9.0.2] AndroidManifest.xml:2:1-6:12
MERGED from [com.google.firebase:firebase-database:9.0.2] AndroidManifest.xml:2:1-6:12
MERGED from [com.google.firebase:firebase-database-connection:9.0.2] AndroidManifest.xml:2:1-6:12
MERGED from [com.google.firebase:firebase-storage:9.0.2] AndroidManifest.xml:2:1-6:12
MERGED from [com.google.firebase:firebase-storage-common:9.0.2] AndroidManifest.xml:2:1-6:12
MERGED from [com.google.android.gms:play-services-gcm:9.0.2] AndroidManifest.xml:16:1-25:12
MERGED from [com.google.android.gms:play-services-appindexing:9.0.2] AndroidManifest.xml:16:1-20:12
MERGED from [com.google.android.gms:play-services-identity:9.0.2] AndroidManifest.xml:16:1-20:12
MERGED from [com.google.android.gms:play-services-iid:9.0.2] AndroidManifest.xml:16:1-25:12
MERGED from [com.google.android.gms:play-services-tagmanager-api:9.0.2] AndroidManifest.xml:16:1-39:12
MERGED from [com.google.firebase:firebase-analytics:9.0.2] AndroidManifest.xml:16:1-42:12
MERGED from [com.google.firebase:firebase-analytics-impl:9.0.2] AndroidManifest.xml:16:1-42:12
MERGED from [com.google.android.gms:play-services-nearby:9.0.2] AndroidManifest.xml:16:1-21:12
MERGED from [com.google.android.gms:play-services-panorama:9.0.2] AndroidManifest.xml:16:1-20:12
MERGED from [com.google.android.gms:play-services-safetynet:9.0.2] AndroidManifest.xml:16:1-20:12
MERGED from [com.google.android.gms:play-services-vision:9.0.2] AndroidManifest.xml:2:1-6:12
MERGED from [com.google.android.gms:play-services-wearable:9.0.2] AndroidManifest.xml:16:1-20:12
MERGED from [com.google.android.gms:play-services-base:17.1.0] AndroidManifest.xml:17:1-29:12
MERGED from [com.google.firebase:firebase-messaging:9.0.2] AndroidManifest.xml:16:1-33:12
MERGED from [com.google.firebase:firebase-iid:9.0.2] AndroidManifest.xml:16:1-60:12
MERGED from [com.google.firebase:firebase-common:19.1.0] AndroidManifest.xml:2:1-24:12
MERGED from [com.google.android.gms:play-services-places-placereport:17.0.0] AndroidManifest.xml:17:1-24:12
MERGED from [com.google.android.gms:play-services-tasks:17.0.0] AndroidManifest.xml:2:1-9:12
MERGED from [com.google.android.gms:play-services-ads-lite:9.0.2] AndroidManifest.xml:16:1-33:12
MERGED from [com.google.android.gms:play-services-basement:17.0.0] AndroidManifest.xml:17:1-28:12
MERGED from [androidx.fragment:fragment:1.1.0] AndroidManifest.xml:17:1-24:12
MERGED from [androidx.viewpager:viewpager:1.0.0] AndroidManifest.xml:17:1-22:12
MERGED from [androidx.slidingpanelayout:slidingpanelayout:1.0.0] AndroidManifest.xml:17:1-22:12
MERGED from [androidx.customview:customview:1.0.0] AndroidManifest.xml:17:1-22:12
MERGED from [androidx.transition:transition:1.2.0] AndroidManifest.xml:17:1-24:12
MERGED from [androidx.appcompat:appcompat-resources:1.1.0] AndroidManifest.xml:17:1-24:12
MERGED from [androidx.vectordrawable:vectordrawable-animated:1.1.0] AndroidManifest.xml:17:1-24:12
MERGED from [androidx.vectordrawable:vectordrawable:1.1.0] AndroidManifest.xml:17:1-24:12
MERGED from [androidx.cursoradapter:cursoradapter:1.0.0] AndroidManifest.xml:17:1-22:12
MERGED from [androidx.media:media:1.1.0] AndroidManifest.xml:17:1-24:12
MERGED from [com.jakewharton:butterknife:10.0.0] AndroidManifest.xml:2:1-7:12
MERGED from [com.jakewharton:butterknife-runtime:10.0.0] AndroidManifest.xml:2:1-7:12
MERGED from [androidx.core:core-ktx:1.2.0] AndroidManifest.xml:2:1-9:12
MERGED from [androidx.loader:loader:1.0.0] AndroidManifest.xml:17:1-22:12
MERGED from [androidx.swiperefreshlayout:swiperefreshlayout:1.0.0] AndroidManifest.xml:17:1-22:12
MERGED from [androidx.asynclayoutinflater:asynclayoutinflater:1.0.0] AndroidManifest.xml:17:1-22:12
MERGED from [androidx.activity:activity:1.0.0] AndroidManifest.xml:17:1-24:12
MERGED from [com.hootsuite.android:nachos:1.1.1] AndroidManifest.xml:2:1-11:12
MERGED from [androidx.core:core:1.2.0] AndroidManifest.xml:17:1-26:12
MERGED from [androidx.versionedparcelable:versionedparcelable:1.1.0] AndroidManifest.xml:17:1-27:12
MERGED from [androidx.interpolator:interpolator:1.0.0] AndroidManifest.xml:17:1-22:12
MERGED from [androidx.exifinterface:exifinterface:1.1.0] AndroidManifest.xml:17:1-24:12
MERGED from [androidx.documentfile:documentfile:1.0.0] AndroidManifest.xml:17:1-22:12
MERGED from [androidx.localbroadcastmanager:localbroadcastmanager:1.0.0] AndroidManifest.xml:17:1-22:12
MERGED from [androidx.print:print:1.0.0] AndroidManifest.xml:17:1-22:12
MERGED from [androidx.lifecycle:lifecycle-runtime:2.1.0] AndroidManifest.xml:17:1-22:12
MERGED from [androidx.lifecycle:lifecycle-viewmodel:2.1.0] AndroidManifest.xml:17:1-22:12
MERGED from [androidx.savedstate:savedstate:1.0.0] AndroidManifest.xml:17:1-24:12
MERGED from [androidx.lifecycle:lifecycle-livedata:2.0.0] AndroidManifest.xml:17:1-22:12
MERGED from [androidx.lifecycle:lifecycle-livedata-core:2.0.0] AndroidManifest.xml:17:1-22:12
MERGED from [androidx.arch.core:core-runtime:2.0.0] AndroidManifest.xml:17:1-22:12
MERGED from [com.github.satyan:sugar:1.5] AndroidManifest.xml:2:1-11:12
MERGED from [com.google.maps.android:android-maps-utils:0.5] AndroidManifest.xml:2:1-13:12
MERGED from [com.android.volley:volley:1.1.1] AndroidManifest.xml:2:1-11:12
MERGED from [androidx.multidex:multidex:2.0.0] AndroidManifest.xml:17:1-22:12
MERGED from [com.github.clans:fab:1.6.4] AndroidManifest.xml:2:1-14:12
MERGED from [com.soundcloud.android:android-crop:1.0.1] AndroidManifest.xml:2:1-10:12
MERGED from [net.gotev:hostmonitor:2.0] AndroidManifest.xml:2:1-32:12
MERGED from [com.balysv:material-ripple:1.0.2] AndroidManifest.xml:2:1-14:12
MERGED from [com.mikepenz:materialize:1.1.2] AndroidManifest.xml:2:1-12:12
MERGED from [com.beloo.widget:ChipsLayoutManager:0.3.7] AndroidManifest.xml:2:1-12:12
INJECTED from src\main\AndroidManifest.xml:2:1-263:12
INJECTED from src\main\AndroidManifest.xml:2:1-263:12
INJECTED from src\main\AndroidManifest.xml:2:1-263:12
	package
		ADDED from src\main\AndroidManifest.xml:4:5-35
		INJECTED from src\main\AndroidManifest.xml
		INJECTED from src\main\AndroidManifest.xml
	android:versionName
		INJECTED from src\main\AndroidManifest.xml
		ADDED from src\main\AndroidManifest.xml:2:1-263:12
		INJECTED from src\main\AndroidManifest.xml
	xmlns:tools
		ADDED from src\main\AndroidManifest.xml:3:5-51
	android:versionCode
		INJECTED from src\main\AndroidManifest.xml
		ADDED from src\main\AndroidManifest.xml:2:1-263:12
		INJECTED from src\main\AndroidManifest.xml
	xmlns:android
		ADDED from src\main\AndroidManifest.xml:2:11-69
uses-permission#android.permission.ACCESS_FINE_LOCATION
ADDED from src\main\AndroidManifest.xml:10:5-79
	android:name
		ADDED from src\main\AndroidManifest.xml:10:22-76
uses-permission#android.permission.ACCESS_NETWORK_STATE
ADDED from src\main\AndroidManifest.xml:11:5-79
MERGED from [com.google.android.gms:play-services-maps:17.0.0] AndroidManifest.xml:23:5-79
MERGED from [com.google.android.gms:play-services-maps:17.0.0] AndroidManifest.xml:23:5-79
MERGED from [com.google.android.gms:play-services-analytics:9.0.2] AndroidManifest.xml:22:5-79
MERGED from [com.google.android.gms:play-services-analytics:9.0.2] AndroidManifest.xml:22:5-79
MERGED from [com.google.android.gms:play-services-analytics-impl:9.0.2] AndroidManifest.xml:22:5-79
MERGED from [com.google.android.gms:play-services-analytics-impl:9.0.2] AndroidManifest.xml:22:5-79
MERGED from [com.google.android.gms:play-services-tagmanager-api:9.0.2] AndroidManifest.xml:22:5-79
MERGED from [com.google.android.gms:play-services-tagmanager-api:9.0.2] AndroidManifest.xml:22:5-79
MERGED from [com.google.firebase:firebase-analytics:9.0.2] AndroidManifest.xml:22:5-79
MERGED from [com.google.firebase:firebase-analytics:9.0.2] AndroidManifest.xml:22:5-79
MERGED from [com.google.firebase:firebase-analytics-impl:9.0.2] AndroidManifest.xml:22:5-79
MERGED from [com.google.firebase:firebase-analytics-impl:9.0.2] AndroidManifest.xml:22:5-79
MERGED from [com.google.android.gms:play-services-nearby:9.0.2] AndroidManifest.xml:19:5-79
MERGED from [com.google.android.gms:play-services-nearby:9.0.2] AndroidManifest.xml:19:5-79
MERGED from [com.google.firebase:firebase-iid:9.0.2] AndroidManifest.xml:20:5-79
MERGED from [com.google.firebase:firebase-iid:9.0.2] AndroidManifest.xml:20:5-79
MERGED from [com.google.android.gms:play-services-ads-lite:9.0.2] AndroidManifest.xml:21:5-78
MERGED from [com.google.android.gms:play-services-ads-lite:9.0.2] AndroidManifest.xml:21:5-78
MERGED from [net.gotev:hostmonitor:2.0] AndroidManifest.xml:12:5-79
MERGED from [net.gotev:hostmonitor:2.0] AndroidManifest.xml:12:5-79
	android:name
		ADDED from src\main\AndroidManifest.xml:11:22-76
uses-permission#android.permission.ACCESS_WIFI_STATE
ADDED from src\main\AndroidManifest.xml:12:5-76
	android:name
		ADDED from src\main\AndroidManifest.xml:12:22-73
uses-permission#android.permission.WRITE_EXTERNAL_STORAGE
ADDED from src\main\AndroidManifest.xml:13:5-81
MERGED from [com.github.dhaval2404:imagepicker:1.7.1] AndroidManifest.xml:12:5-81
MERGED from [com.github.dhaval2404:imagepicker:1.7.1] AndroidManifest.xml:12:5-81
MERGED from [net.gotev:uploadservice:3.4.1] AndroidManifest.xml:13:5-81
MERGED from [net.gotev:uploadservice:3.4.1] AndroidManifest.xml:13:5-81
MERGED from [:scandocslibrary] AndroidManifest.xml:17:5-81
MERGED from [:scandocslibrary] AndroidManifest.xml:17:5-81
	android:name
		ADDED from src\main\AndroidManifest.xml:13:22-78
uses-permission#android.permission.MANAGE_ACCOUNTS
ADDED from src\main\AndroidManifest.xml:14:5-74
	android:name
		ADDED from src\main\AndroidManifest.xml:14:22-71
uses-permission#android.permission.USE_BIOMETRIC
ADDED from src\main\AndroidManifest.xml:15:5-72
	android:name
		ADDED from src\main\AndroidManifest.xml:15:22-69
uses-permission#android.permission.READ_PHONE_STATE
ADDED from src\main\AndroidManifest.xml:16:5-75
	android:name
		ADDED from src\main\AndroidManifest.xml:16:22-72
uses-permission#android.permission.READ_EXTERNAL_STORAGE
ADDED from src\main\AndroidManifest.xml:17:5-80
MERGED from [com.github.dhaval2404:imagepicker:1.7.1] AndroidManifest.xml:11:5-80
MERGED from [com.github.dhaval2404:imagepicker:1.7.1] AndroidManifest.xml:11:5-80
MERGED from [net.gotev:uploadservice:3.4.1] AndroidManifest.xml:12:5-80
MERGED from [net.gotev:uploadservice:3.4.1] AndroidManifest.xml:12:5-80
MERGED from [:scandocslibrary] AndroidManifest.xml:16:5-80
MERGED from [:scandocslibrary] AndroidManifest.xml:16:5-80
	android:name
		ADDED from src\main\AndroidManifest.xml:17:22-77
uses-permission#android.permission.CAMERA
ADDED from src\main\AndroidManifest.xml:18:5-65
MERGED from [:cameraviewlibrary] AndroidManifest.xml:21:5-65
MERGED from [:cameraviewlibrary] AndroidManifest.xml:21:5-65
MERGED from [:scandocslibrary] AndroidManifest.xml:15:5-65
MERGED from [:scandocslibrary] AndroidManifest.xml:15:5-65
	android:name
		ADDED from src\main\AndroidManifest.xml:18:22-62
uses-permission#android.permission.RECORD_AUDIO
ADDED from src\main\AndroidManifest.xml:19:5-71
	android:name
		ADDED from src\main\AndroidManifest.xml:19:22-68
uses-permission#android.permission.WAKE_LOCK
ADDED from src\main\AndroidManifest.xml:20:5-68
MERGED from [net.gotev:uploadservice:3.4.1] AndroidManifest.xml:14:5-68
MERGED from [net.gotev:uploadservice:3.4.1] AndroidManifest.xml:14:5-68
MERGED from [com.google.android.gms:play-services-analytics:9.0.2] AndroidManifest.xml:25:5-67
MERGED from [com.google.android.gms:play-services-analytics:9.0.2] AndroidManifest.xml:25:5-67
MERGED from [com.google.android.gms:play-services-analytics-impl:9.0.2] AndroidManifest.xml:25:5-67
MERGED from [com.google.android.gms:play-services-analytics-impl:9.0.2] AndroidManifest.xml:25:5-67
MERGED from [com.google.firebase:firebase-analytics:9.0.2] AndroidManifest.xml:24:5-67
MERGED from [com.google.firebase:firebase-analytics:9.0.2] AndroidManifest.xml:24:5-67
MERGED from [com.google.firebase:firebase-analytics-impl:9.0.2] AndroidManifest.xml:24:5-67
MERGED from [com.google.firebase:firebase-analytics-impl:9.0.2] AndroidManifest.xml:24:5-67
MERGED from [com.google.firebase:firebase-iid:9.0.2] AndroidManifest.xml:22:5-68
MERGED from [com.google.firebase:firebase-iid:9.0.2] AndroidManifest.xml:22:5-68
MERGED from [net.gotev:hostmonitor:2.0] AndroidManifest.xml:13:5-68
MERGED from [net.gotev:hostmonitor:2.0] AndroidManifest.xml:13:5-68
	android:name
		ADDED from src\main\AndroidManifest.xml:20:22-65
uses-permission#android.permission.RECEIVE_BOOT_COMPLETED
ADDED from src\main\AndroidManifest.xml:21:5-81
	android:name
		ADDED from src\main\AndroidManifest.xml:21:22-78
uses-permission#android.permission.SEND_SMS
ADDED from src\main\AndroidManifest.xml:22:5-67
	android:name
		ADDED from src\main\AndroidManifest.xml:22:22-64
uses-permission#android.permission.READ_SMS
ADDED from src\main\AndroidManifest.xml:23:5-67
	android:name
		ADDED from src\main\AndroidManifest.xml:23:22-64
uses-permission#android.permission.CHANGE_WIFI_STATE
ADDED from src\main\AndroidManifest.xml:24:5-76
	android:name
		ADDED from src\main\AndroidManifest.xml:24:22-73
uses-permission#android.permission.FOREGROUND_SERVICE
ADDED from src\main\AndroidManifest.xml:25:5-77
	android:name
		ADDED from src\main\AndroidManifest.xml:25:22-74
uses-permission#android.permission.INTERNET
ADDED from src\main\AndroidManifest.xml:26:5-67
MERGED from [net.gotev:uploadservice:3.4.1] AndroidManifest.xml:11:5-67
MERGED from [net.gotev:uploadservice:3.4.1] AndroidManifest.xml:11:5-67
MERGED from [com.google.android.gms:play-services-maps:17.0.0] AndroidManifest.xml:24:5-67
MERGED from [com.google.android.gms:play-services-maps:17.0.0] AndroidManifest.xml:24:5-67
MERGED from [com.google.android.gms:play-services-analytics:9.0.2] AndroidManifest.xml:21:5-67
MERGED from [com.google.android.gms:play-services-analytics:9.0.2] AndroidManifest.xml:21:5-67
MERGED from [com.google.android.gms:play-services-analytics-impl:9.0.2] AndroidManifest.xml:21:5-67
MERGED from [com.google.android.gms:play-services-analytics-impl:9.0.2] AndroidManifest.xml:21:5-67
MERGED from [com.google.android.gms:play-services-appinvite:9.0.2] AndroidManifest.xml:19:5-67
MERGED from [com.google.android.gms:play-services-appinvite:9.0.2] AndroidManifest.xml:19:5-67
MERGED from [com.google.firebase:firebase-crash:9.0.2] AndroidManifest.xml:20:5-66
MERGED from [com.google.firebase:firebase-crash:9.0.2] AndroidManifest.xml:20:5-66
MERGED from [com.google.android.gms:play-services-gcm:9.0.2] AndroidManifest.xml:22:5-67
MERGED from [com.google.android.gms:play-services-gcm:9.0.2] AndroidManifest.xml:22:5-67
MERGED from [com.google.android.gms:play-services-iid:9.0.2] AndroidManifest.xml:22:5-67
MERGED from [com.google.android.gms:play-services-iid:9.0.2] AndroidManifest.xml:22:5-67
MERGED from [com.google.android.gms:play-services-tagmanager-api:9.0.2] AndroidManifest.xml:21:5-67
MERGED from [com.google.android.gms:play-services-tagmanager-api:9.0.2] AndroidManifest.xml:21:5-67
MERGED from [com.google.firebase:firebase-analytics:9.0.2] AndroidManifest.xml:21:5-67
MERGED from [com.google.firebase:firebase-analytics:9.0.2] AndroidManifest.xml:21:5-67
MERGED from [com.google.firebase:firebase-analytics-impl:9.0.2] AndroidManifest.xml:21:5-67
MERGED from [com.google.firebase:firebase-analytics-impl:9.0.2] AndroidManifest.xml:21:5-67
MERGED from [com.google.firebase:firebase-iid:9.0.2] AndroidManifest.xml:21:5-67
MERGED from [com.google.firebase:firebase-iid:9.0.2] AndroidManifest.xml:21:5-67
MERGED from [com.google.android.gms:play-services-ads-lite:9.0.2] AndroidManifest.xml:20:5-66
MERGED from [com.google.android.gms:play-services-ads-lite:9.0.2] AndroidManifest.xml:20:5-66
MERGED from [net.gotev:hostmonitor:2.0] AndroidManifest.xml:11:5-67
MERGED from [net.gotev:hostmonitor:2.0] AndroidManifest.xml:11:5-67
	android:name
		ADDED from src\main\AndroidManifest.xml:26:22-64
uses-permission#android.permission.BLUETOOTH
ADDED from src\main\AndroidManifest.xml:27:5-68
	android:name
		ADDED from src\main\AndroidManifest.xml:27:22-65
uses-permission#android.permission.BLUETOOTH_ADMIN
ADDED from src\main\AndroidManifest.xml:28:5-74
	android:name
		ADDED from src\main\AndroidManifest.xml:28:22-71
uses-permission#android.permission.ACCESS_COARSE_LOCATION
ADDED from src\main\AndroidManifest.xml:29:5-81
MERGED from [:samlocationandgeocoding] AndroidManifest.xml:11:5-81
MERGED from [:samlocationandgeocoding] AndroidManifest.xml:11:5-81
	android:name
		ADDED from src\main\AndroidManifest.xml:29:22-78
uses-feature#0x00020000
ADDED from src\main\AndroidManifest.xml:31:5-33:35
MERGED from [com.google.android.gms:play-services-maps:17.0.0] AndroidManifest.xml:26:5-28:35
MERGED from [com.google.android.gms:play-services-maps:17.0.0] AndroidManifest.xml:26:5-28:35
	android:glEsVersion
		ADDED from src\main\AndroidManifest.xml:32:9-41
	android:required
		ADDED from src\main\AndroidManifest.xml:33:9-32
application
ADDED from src\main\AndroidManifest.xml:35:5-261:19
MERGED from [com.github.gcacace:signature-pad:1.2.1] AndroidManifest.xml:11:5-20
MERGED from [com.github.gcacace:signature-pad:1.2.1] AndroidManifest.xml:11:5-20
MERGED from [com.github.Ilhasoft:data-binding-validator:1.0.0] AndroidManifest.xml:11:5-13:38
MERGED from [com.github.Ilhasoft:data-binding-validator:1.0.0] AndroidManifest.xml:11:5-13:38
MERGED from [:samlocationandgeocoding] AndroidManifest.xml:13:5-17:19
MERGED from [:samlocationandgeocoding] AndroidManifest.xml:13:5-17:19
MERGED from [net.gotev:uploadservice-okhttp:3.4.1] AndroidManifest.xml:11:5-12:19
MERGED from [net.gotev:uploadservice-okhttp:3.4.1] AndroidManifest.xml:11:5-12:19
MERGED from [com.github.dhaval2404:imagepicker:1.7.1] AndroidManifest.xml:14:5-33:19
MERGED from [com.github.dhaval2404:imagepicker:1.7.1] AndroidManifest.xml:14:5-33:19
MERGED from [com.mikepenz:google-material-typeface:3.0.1.1.original] AndroidManifest.xml:27:5-20
MERGED from [com.mikepenz:google-material-typeface:3.0.1.1.original] AndroidManifest.xml:27:5-20
MERGED from [com.mikepenz:octicons-typeface:3.0.0.1] AndroidManifest.xml:27:5-20
MERGED from [com.mikepenz:octicons-typeface:3.0.0.1] AndroidManifest.xml:27:5-20
MERGED from [com.aurelhubert:ahbottomnavigation:2.1.0] AndroidManifest.xml:11:5-20
MERGED from [com.aurelhubert:ahbottomnavigation:2.1.0] AndroidManifest.xml:11:5-20
MERGED from [com.github.pchmn:MaterialChipsInput:1.0.8] AndroidManifest.xml:11:5-15:19
MERGED from [com.github.pchmn:MaterialChipsInput:1.0.8] AndroidManifest.xml:11:5-15:19
MERGED from [de.hdodenhof:circleimageview:2.2.0] AndroidManifest.xml:9:5-20
MERGED from [de.hdodenhof:circleimageview:2.2.0] AndroidManifest.xml:9:5-20
MERGED from [com.github.jakob-grabner:Circle-Progress-View:1.4] AndroidManifest.xml:11:5-20
MERGED from [com.github.jakob-grabner:Circle-Progress-View:1.4] AndroidManifest.xml:11:5-20
MERGED from [androidx.constraintlayout:constraintlayout:1.1.3] AndroidManifest.xml:9:5-20
MERGED from [androidx.constraintlayout:constraintlayout:1.1.3] AndroidManifest.xml:9:5-20
MERGED from [com.r0adkll:slidableactivity:2.0.6] AndroidManifest.xml:9:5-20
MERGED from [com.r0adkll:slidableactivity:2.0.6] AndroidManifest.xml:9:5-20
MERGED from [net.gotev:uploadservice:3.4.1] AndroidManifest.xml:16:5-22:19
MERGED from [net.gotev:uploadservice:3.4.1] AndroidManifest.xml:16:5-22:19
MERGED from [:cameraviewlibrary] AndroidManifest.xml:28:5-20
MERGED from [:cameraviewlibrary] AndroidManifest.xml:28:5-20
MERGED from [:scandocslibrary] AndroidManifest.xml:19:5-37:19
MERGED from [:scandocslibrary] AndroidManifest.xml:19:5-37:19
MERGED from [com.github.arimorty:floatingsearchview:2.1.1] AndroidManifest.xml:12:5-20
MERGED from [com.github.arimorty:floatingsearchview:2.1.1] AndroidManifest.xml:12:5-20
MERGED from [com.github.traex.rippleeffect:library:1.3] AndroidManifest.xml:12:5-20
MERGED from [com.github.traex.rippleeffect:library:1.3] AndroidManifest.xml:12:5-20
MERGED from [com.afollestad.material-dialogs:commons:0.9.6.0] AndroidManifest.xml:12:5-20
MERGED from [com.afollestad.material-dialogs:commons:0.9.6.0] AndroidManifest.xml:12:5-20
MERGED from [com.afollestad.material-dialogs:core:0.9.6.0] AndroidManifest.xml:13:5-20
MERGED from [com.afollestad.material-dialogs:core:0.9.6.0] AndroidManifest.xml:13:5-20
MERGED from [com.andkulikov:transitionseverywhere:1.8.0] AndroidManifest.xml:12:5-20
MERGED from [com.andkulikov:transitionseverywhere:1.8.0] AndroidManifest.xml:12:5-20
MERGED from [com.github.bumptech.glide:glide:4.9.0] AndroidManifest.xml:10:5-20
MERGED from [com.github.bumptech.glide:glide:4.9.0] AndroidManifest.xml:10:5-20
MERGED from [com.github.bumptech.glide:gifdecoder:4.9.0] AndroidManifest.xml:9:5-20
MERGED from [com.github.bumptech.glide:gifdecoder:4.9.0] AndroidManifest.xml:9:5-20
MERGED from [com.github.SilenceDut:ExpandableLayout:1.3.0] AndroidManifest.xml:11:5-20
MERGED from [com.github.SilenceDut:ExpandableLayout:1.3.0] AndroidManifest.xml:11:5-20
MERGED from [com.cs:googlemaproute:1.0.0] AndroidManifest.xml:11:5-15:19
MERGED from [com.cs:googlemaproute:1.0.0] AndroidManifest.xml:11:5-15:19
MERGED from [com.google.android.gms:play-services:9.0.2] AndroidManifest.xml:5:5-20
MERGED from [com.google.android.gms:play-services:9.0.2] AndroidManifest.xml:5:5-20
MERGED from [com.google.android.gms:play-services-cast:9.0.2] AndroidManifest.xml:19:5-20
MERGED from [com.google.android.gms:play-services-cast:9.0.2] AndroidManifest.xml:19:5-20
MERGED from [com.karumi:dexter:4.2.0] AndroidManifest.xml:26:5-30:19
MERGED from [com.karumi:dexter:4.2.0] AndroidManifest.xml:26:5-30:19
MERGED from [com.google.android.material:material:1.1.0] AndroidManifest.xml:22:5-20
MERGED from [com.google.android.material:material:1.1.0] AndroidManifest.xml:22:5-20
MERGED from [com.github.devlight.navigationtabstrip:navigationtabstrip:1.0.4] AndroidManifest.xml:23:5-27:19